C:\Users\skazz\Desktop\Sc\portfolio\RoBoGear\DX11Game\Source\Renderer\Shader\hlsl\AssimpPixel.hlsl(91,21-44): warning X3206: implicit truncation of vector type
  
  compilation object save succeeded; see C:\Users\skazz\Desktop\Sc\portfolio\RoBoGear\DX11Game\data\shader\AssimpPixel.cso
C:\Users\skazz\Desktop\Sc\portfolio\RoBoGear\DX11Game\Source\Renderer\Shader\hlsl\AssimpVertex.hlsl(97,14-30): warning X3578: Output value 'main' is not completely initialized
  
  compilation object save succeeded; see C:\Users\skazz\Desktop\Sc\portfolio\RoBoGear\DX11Game\data\shader\AssimpVertex.cso
C:\Users\skazz\Desktop\Sc\portfolio\RoBoGear\DX11Game\Source\Renderer\Shader\hlsl\Pixel.hlsl(150,13-76): warning X3206: implicit truncation of vector type
  
  compilation object save succeeded; see C:\Users\skazz\Desktop\Sc\portfolio\RoBoGear\DX11Game\data\shader\Pixel.cso
  compilation object save succeeded; see C:\Users\skazz\Desktop\Sc\portfolio\RoBoGear\DX11Game\data\shader\Pixel2D.cso
C:\Users\skazz\Desktop\Sc\portfolio\RoBoGear\DX11Game\Source\Renderer\Shader\hlsl\PostPixel2D.hlsl(148,10-22): warning X3206: implicit truncation of vector type
  
  compilation object save succeeded; see C:\Users\skazz\Desktop\Sc\portfolio\RoBoGear\DX11Game\data\shader\PostPixel2D.cso
  compilation object save succeeded; see C:\Users\skazz\Desktop\Sc\portfolio\RoBoGear\DX11Game\data\shader\PostVertex2D.cso
  compilation object save succeeded; see C:\Users\skazz\Desktop\Sc\portfolio\RoBoGear\DX11Game\data\shader\ToonOutlinePS.cso
  compilation object save succeeded; see C:\Users\skazz\Desktop\Sc\portfolio\RoBoGear\DX11Game\data\shader\ToonOutlineVS.cso
  compilation object save succeeded; see C:\Users\skazz\Desktop\Sc\portfolio\RoBoGear\DX11Game\data\shader\Vertex.cso
  compilation object save succeeded; see C:\Users\skazz\Desktop\Sc\portfolio\RoBoGear\DX11Game\data\shader\Vertex2D.cso
  DrawNumber.cpp
  TextureColorChangeComponent.cpp
  TextureFadeComponent.cpp
  TextureMoveComponent.cpp
  main.cpp
  BaseTexture.cpp
  GameManager.cpp
C:\Users\skazz\Desktop\Sc\portfolio\RoBoGear\DX11Game\Source\Manager\GameManager.cpp(144,17): warning C4129: 'S': エスケープ シーケンスとして正しく認識されませんでした。
  Object.cpp
  ObjectManager.cpp
  SceneManager.cpp
  Sprite.cpp
  SpriteManager.cpp
  StageManager.cpp
  Caterpillar.cpp
  Clear.cpp
  Cube.cpp
  Gear.cpp
  Generare.cpp
  Gimic.cpp
  Key.cpp
  コンパイル中...
  Player.cpp
C:\Users\skazz\Desktop\Sc\portfolio\RoBoGear\DX11Game\Source\Object\Player.cpp(144,17): warning C4129: 'P': エスケープ シーケンスとして正しく認識されませんでした。
C:\Users\skazz\Desktop\Sc\portfolio\RoBoGear\DX11Game\Source\Object\Player.cpp(145,17): warning C4129: 'R': エスケープ シーケンスとして正しく認識されませんでした。
C:\Users\skazz\Desktop\Sc\portfolio\RoBoGear\DX11Game\Source\Object\Player.cpp(146,17): warning C4129: 'P': エスケープ シーケンスとして正しく認識されませんでした。
C:\Users\skazz\Desktop\Sc\portfolio\RoBoGear\DX11Game\Source\Object\Player.cpp(147,17): warning C4129: 'P': エスケープ シーケンスとして正しく認識されませんでした。
  StageGround.cpp
  Trap.cpp
  Wall.cpp
  AssimpModel.cpp
  Effect.cpp
  EffectManager.cpp
  DepthStencilState.cpp
  DXBuffer.cpp
  Graphics.cpp
  SamplerState.cpp
  mesh.cpp
  polygon.cpp
  Renderer.cpp
  PostProcessing.cpp
  Shader.cpp
C:\Users\skazz\Desktop\Sc\portfolio\RoBoGear\DX11Game\Source\Renderer\Shader\Script\Shader.cpp(310,7): warning C4996: 'fopen': This function or variable may be unsafe. Consider using fopen_s instead. To disable deprecation, use _CRT_SECURE_NO_WARNINGS. See online help for details.
C:\Users\skazz\Desktop\Sc\portfolio\RoBoGear\DX11Game\Source\Renderer\Shader\Script\Shader.cpp(468,20): warning C4018: '<': signed と unsigned の数値を比較しようとしました。
  ShaderList.cpp
  DepthStencil.cpp
  RenderTarget.cpp
  Texture.cpp
  コンパイル中...
  TextureFactory.cpp
  Cursor.cpp
  Editor.cpp
C:\Users\skazz\Desktop\Sc\portfolio\RoBoGear\DX11Game\Source\Scene\Edit\Editor.cpp(188,17): warning C4129: 'P': エスケープ シーケンスとして正しく認識されませんでした。
C:\Users\skazz\Desktop\Sc\portfolio\RoBoGear\DX11Game\Source\Scene\Edit\Editor.cpp(189,17): warning C4129: 'O': エスケープ シーケンスとして正しく認識されませんでした。
C:\Users\skazz\Desktop\Sc\portfolio\RoBoGear\DX11Game\Source\Scene\Edit\Editor.cpp(190,17): warning C4129: 'S': エスケープ シーケンスとして正しく認識されませんでした。
C:\Users\skazz\Desktop\Sc\portfolio\RoBoGear\DX11Game\Source\Scene\Edit\Editor.cpp(191,17): warning C4129: 'S': エスケープ シーケンスとして正しく認識されませんでした。
  EditScene.cpp
  ModeSelect.cpp
  EditOperationUI.cpp
  GameOver.cpp
  GameOverBackGround.cpp
  GameOverLogo.cpp
  GameScene.cpp
  ClearLogo.cpp
  GameTexture.cpp
  GameBackGround.cpp
  GameStep.cpp
  StartLogo.cpp
  Instructions.cpp
  InstructionsBackGround.cpp
  InstructionsCursor.cpp
  InstructionsScreen.cpp
  PauseMenu.cpp
  コンパイル中...
  PauseMenuBackGround.cpp
  PauseMenuChoices.cpp
  PauseMenuLogo.cpp
  PauseMenuTexture.cpp
  StageSelectBackGround.cpp
  StageSelectCursor.cpp
  StageSelectLevel.cpp
  StageSelectLogo.cpp
  StageSelectTexture.cpp
  StageSelectScene.cpp
C:\Users\skazz\Desktop\Sc\portfolio\RoBoGear\DX11Game\Source\Scene\StageSelect\StageSelectScene.cpp(158,17): warning C4129: 'C': エスケープ シーケンスとして正しく認識されませんでした。
  TitleCubeObj.cpp
  TitlePlayerObj.cpp
  TitleScene.cpp
  TitleBackGround.cpp
  TitleFrame.cpp
  TitleLogo.cpp
  TitleMenuChoices.cpp
  TitleTexture.cpp
  Startup.cpp
  Camera.cpp
C:\Users\skazz\Desktop\Sc\portfolio\RoBoGear\DX11Game\Source\System\Camera\Camera.cpp(236,17): warning C4129: 'C': エスケープ シーケンスとして正しく認識されませんでした。
C:\Users\skazz\Desktop\Sc\portfolio\RoBoGear\DX11Game\Source\System\Camera\Camera.cpp(237,17): warning C4129: 'C': エスケープ シーケンスとして正しく認識されませんでした。
C:\Users\skazz\Desktop\Sc\portfolio\RoBoGear\DX11Game\Source\System\Camera\Camera.cpp(238,17): warning C4129: 'C': エスケープ シーケンスとして正しく認識されませんでした。
C:\Users\skazz\Desktop\Sc\portfolio\RoBoGear\DX11Game\Source\System\Camera\Camera.cpp(239,17): warning C4129: 'R': エスケープ シーケンスとして正しく認識されませんでした。
  コンパイル中...
  debugproc.cpp
  fade.cpp
  FadeTexture.cpp
  InputFile.cpp
  input.cpp
  Light.cpp
  GLMath.cpp
  Message.cpp
  MessageManager.cpp
C:\Users\skazz\Desktop\Sc\portfolio\RoBoGear\DX11Game\Source\System\Message\MessageManager.cpp(97,2): warning C4996: 'strcpy': This function or variable may be unsafe. Consider using strcpy_s instead. To disable deprecation, use _CRT_SECURE_NO_WARNINGS. See online help for details.
  singleton.cpp
  Sound.cpp
  Template.cpp
     ライブラリ C:\Users\skazz\Desktop\Sc\portfolio\RoBoGear\DX11Game\DX11Game.lib とオブジェクト C:\Users\skazz\Desktop\Sc\portfolio\RoBoGear\DX11Game\DX11Game.exp を作成中
  コード生成しています。
  Previous IPDB was built with incompatible compiler, fall back to full compilation.
  All 4252 functions were compiled because no usable IPDB/IOBJ from previous compilation was found.
  コード生成が終了しました。
  DX11Game.vcxproj -> C:\Users\skazz\Desktop\Sc\portfolio\RoBoGear\DX11Game\DX11Game.exe
