c:\users\skazz\desktop\sc\portfolio\20220130_portfolio\dx11game\x64\debug\vc142.pdb
c:\users\skazz\desktop\sc\portfolio\20220130_portfolio\dx11game\x64\debug\vc142.idb
c:\users\skazz\desktop\sc\portfolio\20220202_portfolio\dx11game\x64\debug\vc142.pdb
c:\users\skazz\desktop\sc\portfolio\20220202_portfolio\dx11game\x64\debug\vc142.idb
c:\users\skazz\desktop\sc\portfolio\20220203_portfolio\dx11game\x64\debug\vc142.pdb
c:\users\skazz\desktop\sc\portfolio\20220203_portfolio\dx11game\x64\debug\vc142.idb
c:\users\skazz\desktop\sc\portfolio\20220203_portfolio\dx11game\x64\debug\player.obj
c:\users\skazz\desktop\sc\portfolio\20220203_portfolio\dx11game\x64\debug\key.obj
c:\users\skazz\desktop\sc\portfolio\20220203_portfolio\dx11game\x64\debug\gimic.obj
c:\users\skazz\desktop\sc\portfolio\20220203_portfolio\dx11game\x64\debug\generare.obj
c:\users\skazz\desktop\sc\portfolio\20220203_portfolio\dx11game\x64\debug\gear.obj
c:\users\skazz\desktop\sc\portfolio\20220203_portfolio\dx11game\x64\debug\cube.obj
c:\users\skazz\desktop\sc\portfolio\20220203_portfolio\dx11game\x64\debug\clear.obj
c:\users\skazz\desktop\sc\portfolio\20220203_portfolio\dx11game\x64\debug\caterpillar.obj
c:\users\skazz\desktop\sc\portfolio\20220203_portfolio\dx11game\x64\debug\stagemanager.obj
c:\users\skazz\desktop\sc\portfolio\20220203_portfolio\dx11game\x64\debug\spritemanager.obj
c:\users\skazz\desktop\sc\portfolio\20220203_portfolio\dx11game\x64\debug\sprite.obj
c:\users\skazz\desktop\sc\portfolio\20220203_portfolio\dx11game\x64\debug\scenemanager.obj
c:\users\skazz\desktop\sc\portfolio\20220203_portfolio\dx11game\x64\debug\objectmanager.obj
c:\users\skazz\desktop\sc\portfolio\20220203_portfolio\dx11game\x64\debug\object.obj
c:\users\skazz\desktop\sc\portfolio\20220203_portfolio\dx11game\x64\debug\gamemanager.obj
c:\users\skazz\desktop\sc\portfolio\20220203_portfolio\dx11game\x64\debug\main.obj
c:\users\skazz\desktop\sc\portfolio\20220203_portfolio\dx11game\x64\debug\texturemovecomponent.obj
c:\users\skazz\desktop\sc\portfolio\20220203_portfolio\dx11game\x64\debug\texturefadecomponent.obj
c:\users\skazz\desktop\sc\portfolio\20220203_portfolio\dx11game\x64\debug\texturecolorchangecomponent.obj
c:\users\skazz\desktop\sc\portfolio\20220203_portfolio\dx11game\x64\debug\drawnumber.obj
c:\users\skazz\desktop\sc\portfolio\20220203_portfolio\dx11game\x64\debug\texture.obj
c:\users\skazz\desktop\sc\portfolio\20220203_portfolio\dx11game\x64\debug\rendertarget.obj
c:\users\skazz\desktop\sc\portfolio\20220203_portfolio\dx11game\x64\debug\depthstencil.obj
c:\users\skazz\desktop\sc\portfolio\20220203_portfolio\dx11game\x64\debug\basetexture.obj
c:\users\skazz\desktop\sc\portfolio\20220203_portfolio\dx11game\x64\debug\shaderlist.obj
c:\users\skazz\desktop\sc\portfolio\20220203_portfolio\dx11game\x64\debug\shader.obj
c:\users\skazz\desktop\sc\portfolio\20220203_portfolio\dx11game\x64\debug\postprocessing.obj
c:\users\skazz\desktop\sc\portfolio\20220203_portfolio\dx11game\x64\debug\renderer.obj
c:\users\skazz\desktop\sc\portfolio\20220203_portfolio\dx11game\x64\debug\polygon.obj
c:\users\skazz\desktop\sc\portfolio\20220203_portfolio\dx11game\x64\debug\mesh.obj
c:\users\skazz\desktop\sc\portfolio\20220203_portfolio\dx11game\x64\debug\samplerstate.obj
c:\users\skazz\desktop\sc\portfolio\20220203_portfolio\dx11game\x64\debug\graphics.obj
c:\users\skazz\desktop\sc\portfolio\20220203_portfolio\dx11game\x64\debug\dxbuffer.obj
c:\users\skazz\desktop\sc\portfolio\20220203_portfolio\dx11game\x64\debug\depthstencilstate.obj
c:\users\skazz\desktop\sc\portfolio\20220203_portfolio\dx11game\x64\debug\effectmanager.obj
c:\users\skazz\desktop\sc\portfolio\20220203_portfolio\dx11game\x64\debug\effect.obj
c:\users\skazz\desktop\sc\portfolio\20220203_portfolio\dx11game\x64\debug\assimpmodel.obj
c:\users\skazz\desktop\sc\portfolio\20220203_portfolio\dx11game\x64\debug\wall.obj
c:\users\skazz\desktop\sc\portfolio\20220203_portfolio\dx11game\x64\debug\trap.obj
c:\users\skazz\desktop\sc\portfolio\20220203_portfolio\dx11game\x64\debug\stageground.obj
c:\users\skazz\desktop\sc\portfolio\20220203_portfolio\dx11game\x64\debug\stageselectlevel.obj
c:\users\skazz\desktop\sc\portfolio\20220203_portfolio\dx11game\x64\debug\stageselectcursor.obj
c:\users\skazz\desktop\sc\portfolio\20220203_portfolio\dx11game\x64\debug\pausemenutexture.obj
c:\users\skazz\desktop\sc\portfolio\20220203_portfolio\dx11game\x64\debug\pausemenulogo.obj
c:\users\skazz\desktop\sc\portfolio\20220203_portfolio\dx11game\x64\debug\pausemenuchoices.obj
c:\users\skazz\desktop\sc\portfolio\20220203_portfolio\dx11game\x64\debug\pausemenu.obj
c:\users\skazz\desktop\sc\portfolio\20220203_portfolio\dx11game\x64\debug\instructions.obj
c:\users\skazz\desktop\sc\portfolio\20220203_portfolio\dx11game\x64\debug\startlogo.obj
c:\users\skazz\desktop\sc\portfolio\20220203_portfolio\dx11game\x64\debug\gameui.obj
c:\users\skazz\desktop\sc\portfolio\20220203_portfolio\dx11game\x64\debug\gametexture.obj
c:\users\skazz\desktop\sc\portfolio\20220203_portfolio\dx11game\x64\debug\clearlogo.obj
c:\users\skazz\desktop\sc\portfolio\20220203_portfolio\dx11game\x64\debug\gamescene.obj
c:\users\skazz\desktop\sc\portfolio\20220203_portfolio\dx11game\x64\debug\gameoverlogo.obj
c:\users\skazz\desktop\sc\portfolio\20220203_portfolio\dx11game\x64\debug\gameoverchoices.obj
c:\users\skazz\desktop\sc\portfolio\20220203_portfolio\dx11game\x64\debug\gameover.obj
c:\users\skazz\desktop\sc\portfolio\20220203_portfolio\dx11game\x64\debug\modeselect.obj
c:\users\skazz\desktop\sc\portfolio\20220203_portfolio\dx11game\x64\debug\editscene.obj
c:\users\skazz\desktop\sc\portfolio\20220203_portfolio\dx11game\x64\debug\editor.obj
c:\users\skazz\desktop\sc\portfolio\20220203_portfolio\dx11game\x64\debug\cursor.obj
c:\users\skazz\desktop\sc\portfolio\20220203_portfolio\dx11game\x64\debug\texturefactory.obj
c:\users\skazz\desktop\sc\portfolio\20220203_portfolio\dx11game\x64\debug\sound.obj
c:\users\skazz\desktop\sc\portfolio\20220203_portfolio\dx11game\x64\debug\singleton.obj
c:\users\skazz\desktop\sc\portfolio\20220203_portfolio\dx11game\x64\debug\messagemanager.obj
c:\users\skazz\desktop\sc\portfolio\20220203_portfolio\dx11game\x64\debug\message.obj
c:\users\skazz\desktop\sc\portfolio\20220203_portfolio\dx11game\x64\debug\glmath.obj
c:\users\skazz\desktop\sc\portfolio\20220203_portfolio\dx11game\x64\debug\light.obj
c:\users\skazz\desktop\sc\portfolio\20220203_portfolio\dx11game\x64\debug\input.obj
c:\users\skazz\desktop\sc\portfolio\20220203_portfolio\dx11game\x64\debug\inputfile.obj
c:\users\skazz\desktop\sc\portfolio\20220203_portfolio\dx11game\x64\debug\fadetext.obj
c:\users\skazz\desktop\sc\portfolio\20220203_portfolio\dx11game\x64\debug\fade.obj
c:\users\skazz\desktop\sc\portfolio\20220203_portfolio\dx11game\x64\debug\debugproc.obj
c:\users\skazz\desktop\sc\portfolio\20220203_portfolio\dx11game\x64\debug\camera.obj
c:\users\skazz\desktop\sc\portfolio\20220203_portfolio\dx11game\x64\debug\startup.obj
c:\users\skazz\desktop\sc\portfolio\20220203_portfolio\dx11game\x64\debug\titletexture.obj
c:\users\skazz\desktop\sc\portfolio\20220203_portfolio\dx11game\x64\debug\titlescene.obj
c:\users\skazz\desktop\sc\portfolio\20220203_portfolio\dx11game\x64\debug\titleplayerobj.obj
c:\users\skazz\desktop\sc\portfolio\20220203_portfolio\dx11game\x64\debug\titlecubeobj.obj
c:\users\skazz\desktop\sc\portfolio\20220203_portfolio\dx11game\x64\debug\stageselectscene.obj
c:\users\skazz\desktop\sc\portfolio\20220203_portfolio\dx11game\x64\debug\stageselecttexture.obj
c:\users\skazz\desktop\sc\portfolio\20220203_portfolio\dx11game\x64\debug\stageselectlogo.obj
c:\users\skazz\desktop\sc\portfolio\20220203_portfolio\dx11game\x64\debug\template.obj
c:\users\skazz\desktop\sc\portfolio\20220203_portfolio\dx11game\x64\debug\editoperationui.obj
c:\users\skazz\desktop\sc\portfolio\20220203_portfolio\dx11game\x64\debug\titlemenuchoices.obj
c:\users\skazz\desktop\sc\portfolio\20220203_portfolio\dx11game\x64\debug\titlelogo.obj
c:\users\skazz\desktop\sc\portfolio\20220203_portfolio\dx11game\x64\debug\titleframe.obj
c:\users\skazz\desktop\sc\portfolio\20220203_portfolio\dx11game\x64\debug\titlebackground.obj
c:\users\skazz\desktop\sc\portfolio\20220203_portfolio\dx11game\x64\debug\gamestep.obj
c:\users\skazz\desktop\sc\portfolio\20220203_portfolio\dx11game\x64\debug\gamebackground.obj
c:\users\skazz\desktop\sc\portfolio\20220203_portfolio\dx11game\x64\debug\gameoverbackground.obj
c:\users\skazz\desktop\sc\portfolio\20220130_portfolio\dx11game\dx11gamed.lib
c:\users\skazz\desktop\sc\portfolio\20220130_portfolio\dx11game\dx11gamed.exp
c:\users\skazz\desktop\aa\20220130_portfolio\dx11game\dx11gamed.lib
c:\users\skazz\desktop\aa\20220130_portfolio\dx11game\dx11gamed.exp
c:\users\riana\desktop\portfolio\20220201_portfolio\dx11game\dx11gamed.lib
c:\users\riana\desktop\portfolio\20220201_portfolio\dx11game\dx11gamed.exp
c:\users\skazz\desktop\sc\portfolio\20220201_portfolio\dx11game\dx11gamed.lib
c:\users\skazz\desktop\sc\portfolio\20220201_portfolio\dx11game\dx11gamed.exp
c:\users\skazz\desktop\sc\portfolio\20220202_portfolio\dx11game\dx11gamed.lib
c:\users\skazz\desktop\sc\portfolio\20220202_portfolio\dx11game\dx11gamed.exp
c:\users\riana\desktop\portfolio\20220202_portfolio\dx11game\dx11gamed.lib
c:\users\riana\desktop\portfolio\20220202_portfolio\dx11game\dx11gamed.exp
c:\users\skazz\desktop\sc\portfolio\20220203_portfolio\dx11game\dx11gamed.lib
c:\users\skazz\desktop\sc\portfolio\20220203_portfolio\dx11game\dx11gamed.exp
c:\users\riana\desktop\portfolio\20220203_portfolio\dx11game\dx11gamed.lib
c:\users\riana\desktop\portfolio\20220203_portfolio\dx11game\dx11gamed.exp
c:\users\skazz\desktop\sc\portfolio\20220203_portfolio\dx11game\data\shader\assimppixel.cso
c:\users\skazz\desktop\sc\portfolio\20220203_portfolio\dx11game\data\shader\assimpvertex.cso
c:\users\skazz\desktop\sc\portfolio\20220203_portfolio\dx11game\data\shader\pixel.cso
c:\users\skazz\desktop\sc\portfolio\20220203_portfolio\dx11game\data\shader\pixel2d.cso
c:\users\skazz\desktop\sc\portfolio\20220203_portfolio\dx11game\data\shader\postpixel2d.cso
c:\users\skazz\desktop\sc\portfolio\20220203_portfolio\dx11game\data\shader\postvertex2d.cso
c:\users\skazz\desktop\sc\portfolio\20220203_portfolio\dx11game\data\shader\toonoutlineps.cso
c:\users\skazz\desktop\sc\portfolio\20220203_portfolio\dx11game\data\shader\toonoutlinevs.cso
c:\users\skazz\desktop\sc\portfolio\20220203_portfolio\dx11game\data\shader\vertex.cso
c:\users\skazz\desktop\sc\portfolio\20220203_portfolio\dx11game\data\shader\vertex2d.cso
c:\users\skazz\desktop\sc\portfolio\20220203_portfolio\dx11game\dx11gamed.exe
c:\users\skazz\desktop\sc\portfolio\20220203_portfolio\dx11game\x64\debug\dx11gamed.ilk
c:\users\skazz\desktop\sc\portfolio\20220203_portfolio\dx11game\dx11gamed.pdb
c:\users\skazz\desktop\sc\portfolio\20220203_portfolio\dx11game\x64\debug\cgamemanager.obj
c:\users\skazz\desktop\sc\portfolio\20220203_portfolio\dx11game\x64\debug\steptextrue.obj
c:\users\skazz\desktop\sc\portfolio\20220203_portfolio\dx11game\x64\debug\texturedrawnumbercomponent.obj
c:\users\skazz\desktop\sc\portfolio\20220203_portfolio\dx11game\x64\debug\tutorialscene.obj
c:\users\skazz\desktop\sc\portfolio\20220203_portfolio\dx11game\x64\debug\titletexture.new.obj.enc
c:\users\skazz\desktop\sc\portfolio\20220203_portfolio\dx11game\dx11gamed.ilk
c:\users\skazz\desktop\sc\portfolio\20220203_portfolio\dx11game\x64\debug\dx11game.tlog\cl.command.1.tlog
c:\users\skazz\desktop\sc\portfolio\20220203_portfolio\dx11game\x64\debug\dx11game.tlog\cl.read.1.tlog
c:\users\skazz\desktop\sc\portfolio\20220203_portfolio\dx11game\x64\debug\dx11game.tlog\cl.write.1.tlog
c:\users\skazz\desktop\sc\portfolio\20220203_portfolio\dx11game\x64\debug\dx11game.tlog\dx11game.write.1u.tlog
c:\users\skazz\desktop\sc\portfolio\20220203_portfolio\dx11game\x64\debug\dx11game.tlog\fxc.command.1.tlog
c:\users\skazz\desktop\sc\portfolio\20220203_portfolio\dx11game\x64\debug\dx11game.tlog\fxc.read.1.tlog
c:\users\skazz\desktop\sc\portfolio\20220203_portfolio\dx11game\x64\debug\dx11game.tlog\fxc.write.1.tlog
c:\users\skazz\desktop\sc\portfolio\20220203_portfolio\dx11game\x64\debug\dx11game.tlog\link-cvtres.read.1.tlog
c:\users\skazz\desktop\sc\portfolio\20220203_portfolio\dx11game\x64\debug\dx11game.tlog\link-cvtres.write.1.tlog
c:\users\skazz\desktop\sc\portfolio\20220203_portfolio\dx11game\x64\debug\dx11game.tlog\link-rc.read.1.tlog
c:\users\skazz\desktop\sc\portfolio\20220203_portfolio\dx11game\x64\debug\dx11game.tlog\link-rc.write.1.tlog
c:\users\skazz\desktop\sc\portfolio\20220203_portfolio\dx11game\x64\debug\dx11game.tlog\link.24676-cvtres.read.1.tlog
c:\users\skazz\desktop\sc\portfolio\20220203_portfolio\dx11game\x64\debug\dx11game.tlog\link.24676-cvtres.write.1.tlog
c:\users\skazz\desktop\sc\portfolio\20220203_portfolio\dx11game\x64\debug\dx11game.tlog\link.24676-rc.read.1.tlog
c:\users\skazz\desktop\sc\portfolio\20220203_portfolio\dx11game\x64\debug\dx11game.tlog\link.24676-rc.write.1.tlog
c:\users\skazz\desktop\sc\portfolio\20220203_portfolio\dx11game\x64\debug\dx11game.tlog\link.24676.read.1.tlog
c:\users\skazz\desktop\sc\portfolio\20220203_portfolio\dx11game\x64\debug\dx11game.tlog\link.24676.write.1.tlog
c:\users\skazz\desktop\sc\portfolio\20220203_portfolio\dx11game\x64\debug\dx11game.tlog\link.command.1.tlog
c:\users\skazz\desktop\sc\portfolio\20220203_portfolio\dx11game\x64\debug\dx11game.tlog\link.delete.1.tlog
c:\users\skazz\desktop\sc\portfolio\20220203_portfolio\dx11game\x64\debug\dx11game.tlog\link.read.1.tlog
c:\users\skazz\desktop\sc\portfolio\20220203_portfolio\dx11game\x64\debug\dx11game.tlog\link.write.1.tlog
